app/build/intermediates/manifest_merge_blame_file/debug/manifest-merger-blame-debug-report.txt
1<?xml version="1.0" encoding="utf-8"?>
2<manifest xmlns:android="http://schemas.android.com/apk/res/android"
3    package="com.educacionparatodos.edumovil"
4    android:versionCode="1"
5    android:versionName="1.0" >
6
7    <uses-sdk
8        android:minSdkVersion="19"
8-->src\main\AndroidManifest.xml
9        android:targetSdkVersion="29" />
9-->src\main\AndroidManifest.xml
10
11    <uses-permission android:name="android.permission.INTERNET" />
11-->src\main\AndroidManifest.xml:5:5-67
11-->src\main\AndroidManifest.xml:5:22-64
12    <uses-permission android:name="android.permission.ACCESS_FINE_LOCATION" />
12-->src\main\AndroidManifest.xml:6:5-79
12-->src\main\AndroidManifest.xml:6:22-76
13
14    <!-- Although the *SdkVersion is captured in gradle build files, this is required for non gradle builds -->
15    <!-- <uses-sdk android:minSdkVersion="14"/> -->
16    <uses-permission android:name="android.permission.ACCESS_NETWORK_STATE" />
16-->[com.google.firebase:firebase-database:18.0.0] AndroidManifest.xml:25:5-79
16-->[com.google.firebase:firebase-database:18.0.0] AndroidManifest.xml:25:22-76
17
18    <uses-feature
18-->[com.mapbox.mapboxsdk:mapbox-android-sdk:8.5.0] AndroidManifest.xml:9:5-11:35
19        android:glEsVersion="0x00020000"
19-->[com.mapbox.mapboxsdk:mapbox-android-sdk:8.5.0] AndroidManifest.xml:10:9-41
20        android:required="true" />
20-->[com.mapbox.mapboxsdk:mapbox-android-sdk:8.5.0] AndroidManifest.xml:11:9-32
21    <uses-feature
21-->[com.mapbox.mapboxsdk:mapbox-android-sdk:8.5.0] AndroidManifest.xml:12:5-14:36
22        android:name="android.hardware.wifi"
22-->[com.mapbox.mapboxsdk:mapbox-android-sdk:8.5.0] AndroidManifest.xml:13:9-45
23        android:required="false" />
23-->[com.mapbox.mapboxsdk:mapbox-android-sdk:8.5.0] AndroidManifest.xml:14:9-33
24
25    <uses-permission android:name="android.permission.ACCESS_WIFI_STATE" />
25-->[com.mapbox.mapboxsdk:mapbox-android-sdk:8.5.0] AndroidManifest.xml:18:5-76
25-->[com.mapbox.mapboxsdk:mapbox-android-sdk:8.5.0] AndroidManifest.xml:18:22-73
26    <uses-permission android:name="android.permission.WAKE_LOCK" />
26-->[com.google.android.gms:play-services-measurement:17.2.0] AndroidManifest.xml:25:5-68
26-->[com.google.android.gms:play-services-measurement:17.2.0] AndroidManifest.xml:25:22-65
27    <uses-permission android:name="com.google.android.finsky.permission.BIND_GET_INSTALL_REFERRER_SERVICE" /> <!-- Required by older versions of Google Play services to create IID tokens -->
27-->[com.google.android.gms:play-services-measurement:17.2.0] AndroidManifest.xml:26:5-110
27-->[com.google.android.gms:play-services-measurement:17.2.0] AndroidManifest.xml:26:22-107
28    <uses-permission android:name="com.google.android.c2dm.permission.RECEIVE" />
28-->[com.google.firebase:firebase-iid:19.0.0] AndroidManifest.xml:26:5-82
28-->[com.google.firebase:firebase-iid:19.0.0] AndroidManifest.xml:26:22-79
29
30    <application
30-->src\main\AndroidManifest.xml:8:5-45:19
31        android:allowBackup="true"
31-->src\main\AndroidManifest.xml:9:9-35
32        android:appComponentFactory="androidx.core.app.CoreComponentFactory"
32-->[androidx.core:core:1.0.1] AndroidManifest.xml:22:18-86
33        android:debuggable="true"
34        android:icon="@mipmap/ic_launcher"
34-->src\main\AndroidManifest.xml:10:9-43
35        android:label="@string/app_name"
35-->src\main\AndroidManifest.xml:11:9-41
36        android:roundIcon="@mipmap/ic_launcher_round"
36-->src\main\AndroidManifest.xml:12:9-54
37        android:supportsRtl="true"
37-->src\main\AndroidManifest.xml:13:9-35
38        android:theme="@style/AppTheme" >
38-->src\main\AndroidManifest.xml:14:9-40
39        <activity
39-->src\main\AndroidManifest.xml:15:9-102
40            android:name="com.educacionparatodos.edumovil.NuevoAlumno"
40-->src\main\AndroidManifest.xml:15:19-46
41            android:theme="@style/AppTheme.NoActionBar" />
41-->src\main\AndroidManifest.xml:15:47-90
42        <activity
42-->src\main\AndroidManifest.xml:16:9-93
43            android:name="com.educacionparatodos.edumovil.ListaAlumnos"
43-->src\main\AndroidManifest.xml:16:19-47
44            android:theme="@style/AppTheme.NoActionBar" />
44-->src\main\AndroidManifest.xml:16:48-91
45        <activity
45-->src\main\AndroidManifest.xml:17:9-19:59
46            android:name="com.educacionparatodos.edumovil.Perfil2"
46-->src\main\AndroidManifest.xml:18:13-36
47            android:theme="@style/AppTheme.NoActionBar" />
47-->src\main\AndroidManifest.xml:19:13-56
48        <activity
48-->src\main\AndroidManifest.xml:20:9-22:59
49            android:name="com.educacionparatodos.edumovil.Ubicacion"
49-->src\main\AndroidManifest.xml:21:13-38
50            android:theme="@style/AppTheme.NoActionBar" />
50-->src\main\AndroidManifest.xml:22:13-56
51        <activity
51-->src\main\AndroidManifest.xml:23:9-25:59
52            android:name="com.educacionparatodos.edumovil.home2"
52-->src\main\AndroidManifest.xml:24:13-34
53            android:theme="@style/AppTheme.NoActionBar" />
53-->src\main\AndroidManifest.xml:25:13-56
54        <activity
54-->src\main\AndroidManifest.xml:26:9-28:59
55            android:name="com.educacionparatodos.edumovil.Login"
55-->src\main\AndroidManifest.xml:27:13-34
56            android:theme="@style/AppTheme.NoActionBar" />
56-->src\main\AndroidManifest.xml:28:13-56
57        <activity
57-->src\main\AndroidManifest.xml:29:9-31:59
58            android:name="com.educacionparatodos.edumovil.Registro"
58-->src\main\AndroidManifest.xml:30:13-37
59            android:theme="@style/AppTheme.NoActionBar" />
59-->src\main\AndroidManifest.xml:31:13-56
60        <activity
60-->src\main\AndroidManifest.xml:32:9-40:20
61            android:name="com.educacionparatodos.edumovil.Presentacion"
61-->src\main\AndroidManifest.xml:33:13-41
62            android:theme="@style/AppTheme.NoActionBar" >
62-->src\main\AndroidManifest.xml:34:13-56
63            <intent-filter>
63-->src\main\AndroidManifest.xml:35:13-39:29
64                <action android:name="android.intent.action.MAIN" />
64-->src\main\AndroidManifest.xml:36:17-69
64-->src\main\AndroidManifest.xml:36:25-66
65
66                <category android:name="android.intent.category.LAUNCHER" />
66-->src\main\AndroidManifest.xml:38:17-77
66-->src\main\AndroidManifest.xml:38:27-74
67            </intent-filter>
68        </activity>
69
70        <meta-data
70-->src\main\AndroidManifest.xml:42:9-44:57
71            android:name="preloaded_fonts"
71-->src\main\AndroidManifest.xml:43:13-43
72            android:resource="@array/preloaded_fonts" />
72-->src\main\AndroidManifest.xml:44:13-54
73
74        <service
74-->[com.google.firebase:firebase-database:18.0.0] AndroidManifest.xml:29:9-33:19
75            android:name="com.google.firebase.components.ComponentDiscoveryService"
75-->[com.google.firebase:firebase-database:18.0.0] AndroidManifest.xml:29:18-89
76            android:directBootAware="true"
76-->[com.google.firebase:firebase-common:19.3.0] AndroidManifest.xml:34:13-43
77            android:exported="false" >
77-->[com.google.firebase:firebase-auth:19.2.0] AndroidManifest.xml:35:13-37
78            <meta-data
78-->[com.google.firebase:firebase-database:18.0.0] AndroidManifest.xml:30:13-32:85
79                android:name="com.google.firebase.components:com.google.firebase.database.DatabaseRegistrar"
79-->[com.google.firebase:firebase-database:18.0.0] AndroidManifest.xml:31:17-109
80                android:value="com.google.firebase.components.ComponentRegistrar" />
80-->[com.google.firebase:firebase-database:18.0.0] AndroidManifest.xml:32:17-82
81            <meta-data
81-->[com.google.firebase:firebase-auth:19.2.0] AndroidManifest.xml:36:13-38:85
82                android:name="com.google.firebase.components:com.google.firebase.auth.FirebaseAuthRegistrar"
82-->[com.google.firebase:firebase-auth:19.2.0] AndroidManifest.xml:37:17-109
83                android:value="com.google.firebase.components.ComponentRegistrar" />
83-->[com.google.firebase:firebase-auth:19.2.0] AndroidManifest.xml:38:17-82
84            <meta-data
84-->[com.google.android.gms:play-services-measurement-api:17.2.0] AndroidManifest.xml:30:13-32:85
85                android:name="com.google.firebase.components:com.google.firebase.analytics.connector.internal.AnalyticsConnectorRegistrar"
85-->[com.google.android.gms:play-services-measurement-api:17.2.0] AndroidManifest.xml:31:17-139
86                android:value="com.google.firebase.components.ComponentRegistrar" />
86-->[com.google.android.gms:play-services-measurement-api:17.2.0] AndroidManifest.xml:32:17-82
87            <meta-data
87-->[com.google.firebase:firebase-iid:19.0.0] AndroidManifest.xml:32:13-34:85
88                android:name="com.google.firebase.components:com.google.firebase.iid.Registrar"
88-->[com.google.firebase:firebase-iid:19.0.0] AndroidManifest.xml:33:17-96
89                android:value="com.google.firebase.components.ComponentRegistrar" />
89-->[com.google.firebase:firebase-iid:19.0.0] AndroidManifest.xml:34:17-82
90        </service>
91
92        <activity
92-->[com.google.firebase:firebase-auth:19.2.0] AndroidManifest.xml:24:9-31:50
93            android:name="com.google.firebase.auth.internal.FederatedSignInActivity"
93-->[com.google.firebase:firebase-auth:19.2.0] AndroidManifest.xml:25:13-85
94            android:excludeFromRecents="true"
94-->[com.google.firebase:firebase-auth:19.2.0] AndroidManifest.xml:26:13-46
95            android:exported="true"
95-->[com.google.firebase:firebase-auth:19.2.0] AndroidManifest.xml:27:13-36
96            android:launchMode="singleTask"
96-->[com.google.firebase:firebase-auth:19.2.0] AndroidManifest.xml:28:13-44
97            android:permission="com.google.firebase.auth.api.gms.permission.LAUNCH_FEDERATED_SIGN_IN"
97-->[com.google.firebase:firebase-auth:19.2.0] AndroidManifest.xml:29:13-102
98            android:theme="@android:style/Theme.Translucent.NoTitleBar" />
98-->[com.google.firebase:firebase-auth:19.2.0] AndroidManifest.xml:30:13-72
99
100        <receiver
100-->[com.google.android.gms:play-services-measurement:17.2.0] AndroidManifest.xml:29:9-33:20
101            android:name="com.google.android.gms.measurement.AppMeasurementReceiver"
101-->[com.google.android.gms:play-services-measurement:17.2.0] AndroidManifest.xml:30:13-85
102            android:enabled="true"
102-->[com.google.android.gms:play-services-measurement:17.2.0] AndroidManifest.xml:31:13-35
103            android:exported="false" >
103-->[com.google.android.gms:play-services-measurement:17.2.0] AndroidManifest.xml:32:13-37
104        </receiver>
105        <receiver
105-->[com.google.android.gms:play-services-measurement:17.2.0] AndroidManifest.xml:34:9-42:20
106            android:name="com.google.android.gms.measurement.AppMeasurementInstallReferrerReceiver"
106-->[com.google.android.gms:play-services-measurement:17.2.0] AndroidManifest.xml:35:13-100
107            android:enabled="true"
107-->[com.google.android.gms:play-services-measurement:17.2.0] AndroidManifest.xml:36:13-35
108            android:exported="true"
108-->[com.google.android.gms:play-services-measurement:17.2.0] AndroidManifest.xml:37:13-36
109            android:permission="android.permission.INSTALL_PACKAGES" >
109-->[com.google.android.gms:play-services-measurement:17.2.0] AndroidManifest.xml:38:13-69
110            <intent-filter>
110-->[com.google.android.gms:play-services-measurement:17.2.0] AndroidManifest.xml:39:13-41:29
111                <action android:name="com.android.vending.INSTALL_REFERRER" />
111-->[com.google.android.gms:play-services-measurement:17.2.0] AndroidManifest.xml:40:17-79
111-->[com.google.android.gms:play-services-measurement:17.2.0] AndroidManifest.xml:40:25-76
112            </intent-filter>
113        </receiver>
114
115        <service
115-->[com.google.android.gms:play-services-measurement:17.2.0] AndroidManifest.xml:44:9-47:40
116            android:name="com.google.android.gms.measurement.AppMeasurementService"
116-->[com.google.android.gms:play-services-measurement:17.2.0] AndroidManifest.xml:45:13-84
117            android:enabled="true"
117-->[com.google.android.gms:play-services-measurement:17.2.0] AndroidManifest.xml:46:13-35
118            android:exported="false" />
118-->[com.google.android.gms:play-services-measurement:17.2.0] AndroidManifest.xml:47:13-37
119        <service
119-->[com.google.android.gms:play-services-measurement:17.2.0] AndroidManifest.xml:48:9-52:72
120            android:name="com.google.android.gms.measurement.AppMeasurementJobService"
120-->[com.google.android.gms:play-services-measurement:17.2.0] AndroidManifest.xml:49:13-87
121            android:enabled="true"
121-->[com.google.android.gms:play-services-measurement:17.2.0] AndroidManifest.xml:50:13-35
122            android:exported="false"
122-->[com.google.android.gms:play-services-measurement:17.2.0] AndroidManifest.xml:51:13-37
123            android:permission="android.permission.BIND_JOB_SERVICE" />
123-->[com.google.android.gms:play-services-measurement:17.2.0] AndroidManifest.xml:52:13-69
124
125        <receiver
125-->[com.google.firebase:firebase-iid:19.0.0] AndroidManifest.xml:37:9-44:20
126            android:name="com.google.firebase.iid.FirebaseInstanceIdReceiver"
126-->[com.google.firebase:firebase-iid:19.0.0] AndroidManifest.xml:38:13-78
127            android:exported="true"
127-->[com.google.firebase:firebase-iid:19.0.0] AndroidManifest.xml:39:13-36
128            android:permission="com.google.android.c2dm.permission.SEND" >
128-->[com.google.firebase:firebase-iid:19.0.0] AndroidManifest.xml:40:13-73
129            <intent-filter>
129-->[com.google.firebase:firebase-iid:19.0.0] AndroidManifest.xml:41:13-43:29
130                <action android:name="com.google.android.c2dm.intent.RECEIVE" />
130-->[com.google.firebase:firebase-iid:19.0.0] AndroidManifest.xml:42:17-81
130-->[com.google.firebase:firebase-iid:19.0.0] AndroidManifest.xml:42:25-78
131            </intent-filter>
132        </receiver>
133
134        <provider
134-->[com.google.firebase:firebase-common:19.3.0] AndroidManifest.xml:26:9-30:39
135            android:name="com.google.firebase.provider.FirebaseInitProvider"
135-->[com.google.firebase:firebase-common:19.3.0] AndroidManifest.xml:27:13-77
136            android:authorities="com.educacionparatodos.edumovil.firebaseinitprovider"
136-->[com.google.firebase:firebase-common:19.3.0] AndroidManifest.xml:28:13-72
137            android:exported="false"
137-->[com.google.firebase:firebase-common:19.3.0] AndroidManifest.xml:29:13-37
138            android:initOrder="100" />
138-->[com.google.firebase:firebase-common:19.3.0] AndroidManifest.xml:30:13-36
139
140        <activity
140-->[com.google.android.gms:play-services-base:17.1.0] AndroidManifest.xml:23:9-26:75
141            android:name="com.google.android.gms.common.api.GoogleApiActivity"
141-->[com.google.android.gms:play-services-base:17.1.0] AndroidManifest.xml:24:13-79
142            android:exported="false"
142-->[com.google.android.gms:play-services-base:17.1.0] AndroidManifest.xml:25:13-37
143            android:theme="@android:style/Theme.Translucent.NoTitleBar" />
143-->[com.google.android.gms:play-services-base:17.1.0] AndroidManifest.xml:26:13-72
144
145        <meta-data
145-->[com.google.android.gms:play-services-basement:17.0.0] AndroidManifest.xml:23:9-25:69
146            android:name="com.google.android.gms.version"
146-->[com.google.android.gms:play-services-basement:17.0.0] AndroidManifest.xml:24:13-58
147            android:value="@integer/google_play_services_version" />
147-->[com.google.android.gms:play-services-basement:17.0.0] AndroidManifest.xml:25:13-66
148
149        <provider
149-->[com.mapbox.mapboxsdk:mapbox-android-telemetry:4.5.1] AndroidManifest.xml:19:9-23:39
150            android:name="com.mapbox.android.telemetry.provider.MapboxTelemetryInitProvider"
150-->[com.mapbox.mapboxsdk:mapbox-android-telemetry:4.5.1] AndroidManifest.xml:20:13-93
151            android:authorities="com.educacionparatodos.edumovil.mapboxtelemetryinitprovider"
151-->[com.mapbox.mapboxsdk:mapbox-android-telemetry:4.5.1] AndroidManifest.xml:21:13-79
152            android:exported="false"
152-->[com.mapbox.mapboxsdk:mapbox-android-telemetry:4.5.1] AndroidManifest.xml:22:13-37
153            android:initOrder="100" />
153-->[com.mapbox.mapboxsdk:mapbox-android-telemetry:4.5.1] AndroidManifest.xml:23:13-36
154
155        <service
155-->[com.mapbox.mapboxsdk:mapbox-android-telemetry:4.5.1] AndroidManifest.xml:25:9-27:72
156            android:name="com.mapbox.android.telemetry.crash.CrashReporterJobIntentService"
156-->[com.mapbox.mapboxsdk:mapbox-android-telemetry:4.5.1] AndroidManifest.xml:26:13-92
157            android:permission="android.permission.BIND_JOB_SERVICE" />
157-->[com.mapbox.mapboxsdk:mapbox-android-telemetry:4.5.1] AndroidManifest.xml:27:13-69
158
159        <provider
159-->[androidx.lifecycle:lifecycle-process:2.0.0] AndroidManifest.xml:23:9-27:43
160            android:name="androidx.lifecycle.ProcessLifecycleOwnerInitializer"
160-->[androidx.lifecycle:lifecycle-process:2.0.0] AndroidManifest.xml:24:13-79
161            android:authorities="com.educacionparatodos.edumovil.lifecycle-process"
161-->[androidx.lifecycle:lifecycle-process:2.0.0] AndroidManifest.xml:25:13-69
162            android:exported="false"
162-->[androidx.lifecycle:lifecycle-process:2.0.0] AndroidManifest.xml:26:13-37
163            android:multiprocess="true" />
163-->[androidx.lifecycle:lifecycle-process:2.0.0] AndroidManifest.xml:27:13-40
164    </application>
165
166</manifest>